[debug] [2025-12-04T13:23:36.223Z] ----------------------------------------------------------------------
[debug] [2025-12-04T13:23:36.224Z] Command:       /usr/local/bin/node /Users/louisrodriguez/Documents/Dataxx/Dataxx-B2C/node_modules/.bin/firebase projects:list
[debug] [2025-12-04T13:23:36.224Z] CLI Version:   14.22.0
[debug] [2025-12-04T13:23:36.224Z] Platform:      darwin
[debug] [2025-12-04T13:23:36.224Z] Node Version:  v24.11.1
[debug] [2025-12-04T13:23:36.224Z] Time:          Thu Dec 04 2025 14:23:36 GMT+0100 (Central European Standard Time)
[debug] [2025-12-04T13:23:36.224Z] ----------------------------------------------------------------------
[debug] 
[debug] [2025-12-04T13:23:36.225Z] >>> [apiv2][query] GET https://firebase-public.firebaseio.com/cli.json [none]
[debug] [2025-12-04T13:23:36.295Z] > command requires scopes: ["email","openid","https://www.googleapis.com/auth/cloudplatformprojects.readonly","https://www.googleapis.com/auth/firebase","https://www.googleapis.com/auth/cloud-platform"]
[debug] [2025-12-04T13:23:36.295Z] > authorizing via signed-in user (louis@dataxx.fr)
[debug] [2025-12-04T13:23:36.296Z] Checked if tokens are valid: false, expires at: 1764781513855
[debug] [2025-12-04T13:23:36.296Z] Checked if tokens are valid: false, expires at: 1764781513855
[debug] [2025-12-04T13:23:36.296Z] > refreshing access token with scopes: []
[debug] [2025-12-04T13:23:36.296Z] >>> [apiv2][query] POST https://www.googleapis.com/oauth2/v3/token [none]
[debug] [2025-12-04T13:23:36.296Z] >>> [apiv2][body] POST https://www.googleapis.com/oauth2/v3/token [omitted]
[debug] [2025-12-04T13:23:36.723Z] <<< [apiv2][status] POST https://www.googleapis.com/oauth2/v3/token 400
[debug] [2025-12-04T13:23:36.723Z] <<< [apiv2][body] POST https://www.googleapis.com/oauth2/v3/token [omitted]
[error] Authentication Error: Your credentials are no longer valid. Please run firebase login --reauth

For CI servers and headless environments, generate a new token with firebase login:ci
[error] Authentication Error: Your credentials are no longer valid. Please run firebase login --reauth

For CI servers and headless environments, generate a new token with firebase login:ci
[debug] [2025-12-04T13:23:36.723Z] Authentication Error: Your credentials are no longer valid. Please run firebase login --reauth

For CI servers and headless environments, generate a new token with firebase login:ci
[debug] [2025-12-04T13:23:36.796Z] <<< [apiv2][status] GET https://firebase-public.firebaseio.com/cli.json 200
[debug] [2025-12-04T13:23:36.797Z] <<< [apiv2][body] GET https://firebase-public.firebaseio.com/cli.json {"cloudBuildErrorAfter":1594252800000,"cloudBuildWarnAfter":1590019200000,"defaultNode10After":1594252800000,"minVersion":"3.0.5","node8DeploysDisabledAfter":1613390400000,"node8RuntimeDisabledAfter":1615809600000,"node8WarnAfter":1600128000000}
[debug] [2025-12-04T13:23:37.044Z] FirebaseError: Authentication Error: Your credentials are no longer valid. Please run firebase login --reauth

For CI servers and headless environments, generate a new token with firebase login:ci
    at invalidCredentialError (/Users/louisrodriguez/Documents/Dataxx/Dataxx-B2C/node_modules/firebase-tools/lib/auth.js:167:12)
    at refreshTokens (/Users/louisrodriguez/Documents/Dataxx/Dataxx-B2C/node_modules/firebase-tools/lib/auth.js:591:15)
    at process.processTicksAndRejections (node:internal/process/task_queues:103:5)
    at async getAccessToken (/Users/louisrodriguez/Documents/Dataxx/Dataxx-B2C/node_modules/firebase-tools/lib/apiv2.js:42:18)
    at async Client.addAuthHeader (/Users/louisrodriguez/Documents/Dataxx/Dataxx-B2C/node_modules/firebase-tools/lib/apiv2.js:169:21)
    at async Client.request (/Users/louisrodriguez/Documents/Dataxx/Dataxx-B2C/node_modules/firebase-tools/lib/apiv2.js:120:34)
    at async getProjectPage (/Users/louisrodriguez/Documents/Dataxx/Dataxx-B2C/node_modules/firebase-tools/lib/management/projects.js:279:17)
    at async getFirebaseProjectPage (/Users/louisrodriguez/Documents/Dataxx/Dataxx-B2C/node_modules/firebase-tools/lib/management/projects.js:296:23)
    at async listFirebaseProjects (/Users/louisrodriguez/Documents/Dataxx/Dataxx-B2C/node_modules/firebase-tools/lib/management/projects.js:327:29)
    at async Command.actionFn (/Users/louisrodriguez/Documents/Dataxx/Dataxx-B2C/node_modules/firebase-tools/lib/commands/projects-list.js:51:20)
[error] 
[error] Error: Failed to list Firebase projects. See firebase-debug.log for more info.
